ERROR - 2024-02-19 11:40:53 --> Table 'playground_pg.produk' doesn't exist
ERROR - 2024-02-19 11:40:53 --> Table 'playground_pg.pelanggan' doesn't exist
ERROR - 2024-02-19 11:40:53 --> Table 'playground_pg.detailpenjualan' doesn't exist
ERROR - 2024-02-19 11:40:59 --> Table 'playground_pg.produk' doesn't exist
ERROR - 2024-02-19 11:40:59 --> Table 'playground_pg.pelanggan' doesn't exist
ERROR - 2024-02-19 11:40:59 --> Table 'playground_pg.detailpenjualan' doesn't exist
ERROR - 2024-02-19 11:45:02 --> Table 'playground_pg.produk' doesn't exist
ERROR - 2024-02-19 11:45:02 --> Table 'playground_pg.pelanggan' doesn't exist
ERROR - 2024-02-19 11:45:02 --> Table 'playground_pg.detailpenjualan' doesn't exist
ERROR - 2024-02-19 18:17:19 --> Table 'playground_pg.produk' doesn't exist
CRITICAL - 2024-02-19 18:17:19 --> Call to a member function getResult() on bool
#0 C:\xampp\htdocs\playground-pg\app\Controllers\Produk.php(14): App\Models\M_produk->tampil('produk')
#1 C:\xampp\htdocs\playground-pg\system\CodeIgniter.php(832): App\Controllers\Produk->index()
#2 C:\xampp\htdocs\playground-pg\system\CodeIgniter.php(419): CodeIgniter\CodeIgniter->runController(Object(App\Controllers\Produk))
#3 C:\xampp\htdocs\playground-pg\system\CodeIgniter.php(326): CodeIgniter\CodeIgniter->handleRequest(NULL, Object(Config\Cache), false)
#4 C:\xampp\htdocs\playground-pg\public\index.php(37): CodeIgniter\CodeIgniter->run()
#5 C:\xampp\htdocs\playground-pg\system\Commands\Server\rewrite.php(43): require_once('C:\\xampp\\htdocs...')
#6 {main}
ERROR - 2024-02-19 19:00:07 --> Table 'playground_pg.produk' doesn't exist
CRITICAL - 2024-02-19 19:00:07 --> Call to a member function getResult() on bool
#0 C:\xampp\htdocs\playground-pg\system\BaseModel.php(584): CodeIgniter\Model->doFindAll(0, 0)
#1 C:\xampp\htdocs\playground-pg\app\Controllers\Kasir.php(21): CodeIgniter\BaseModel->findAll()
#2 C:\xampp\htdocs\playground-pg\system\CodeIgniter.php(832): App\Controllers\Kasir->index()
#3 C:\xampp\htdocs\playground-pg\system\CodeIgniter.php(419): CodeIgniter\CodeIgniter->runController(Object(App\Controllers\Kasir))
#4 C:\xampp\htdocs\playground-pg\system\CodeIgniter.php(326): CodeIgniter\CodeIgniter->handleRequest(NULL, Object(Config\Cache), false)
#5 C:\xampp\htdocs\playground-pg\public\index.php(37): CodeIgniter\CodeIgniter->run()
#6 C:\xampp\htdocs\playground-pg\system\Commands\Server\rewrite.php(43): require_once('C:\\xampp\\htdocs...')
#7 {main}
ERROR - 2024-02-19 19:00:09 --> Table 'playground_pg.penjualan' doesn't exist
CRITICAL - 2024-02-19 19:00:09 --> Call to a member function getResult() on bool
#0 C:\xampp\htdocs\playground-pg\app\Controllers\Penjualan.php(20): App\Models\M_penjualan->join3('penjualan', 'pelanggan', 'user', 'penjualan.Pelan...', 'penjualan.user ...')
#1 C:\xampp\htdocs\playground-pg\system\CodeIgniter.php(832): App\Controllers\Penjualan->index()
#2 C:\xampp\htdocs\playground-pg\system\CodeIgniter.php(419): CodeIgniter\CodeIgniter->runController(Object(App\Controllers\Penjualan))
#3 C:\xampp\htdocs\playground-pg\system\CodeIgniter.php(326): CodeIgniter\CodeIgniter->handleRequest(NULL, Object(Config\Cache), false)
#4 C:\xampp\htdocs\playground-pg\public\index.php(37): CodeIgniter\CodeIgniter->run()
#5 C:\xampp\htdocs\playground-pg\system\Commands\Server\rewrite.php(43): require_once('C:\\xampp\\htdocs...')
#6 {main}
CRITICAL - 2024-02-19 19:44:36 --> Invalid file: hopeui/penjualan/view.php
#0 C:\xampp\htdocs\playground-pg\system\View\View.php(198): CodeIgniter\Exceptions\FrameworkException::forInvalidFile('hopeui/penjuala...')
#1 C:\xampp\htdocs\playground-pg\system\Common.php(1089): CodeIgniter\View\View->render('hopeui/penjuala...', Array, true)
#2 C:\xampp\htdocs\playground-pg\app\Controllers\Transaksi.php(27): view('hopeui/penjuala...', Array)
#3 C:\xampp\htdocs\playground-pg\system\CodeIgniter.php(832): App\Controllers\Transaksi->index()
#4 C:\xampp\htdocs\playground-pg\system\CodeIgniter.php(419): CodeIgniter\CodeIgniter->runController(Object(App\Controllers\Transaksi))
#5 C:\xampp\htdocs\playground-pg\system\CodeIgniter.php(326): CodeIgniter\CodeIgniter->handleRequest(NULL, Object(Config\Cache), false)
#6 C:\xampp\htdocs\playground-pg\public\index.php(37): CodeIgniter\CodeIgniter->run()
#7 C:\xampp\htdocs\playground-pg\system\Commands\Server\rewrite.php(43): require_once('C:\\xampp\\htdocs...')
#8 {main}
CRITICAL - 2024-02-19 19:46:46 --> Too few arguments to function App\Controllers\Transaksi::create(), 0 passed in C:\xampp\htdocs\playground-pg\system\CodeIgniter.php on line 832 and exactly 1 expected
#0 C:\xampp\htdocs\playground-pg\system\CodeIgniter.php(832): App\Controllers\Transaksi->create()
#1 C:\xampp\htdocs\playground-pg\system\CodeIgniter.php(419): CodeIgniter\CodeIgniter->runController(Object(App\Controllers\Transaksi))
#2 C:\xampp\htdocs\playground-pg\system\CodeIgniter.php(326): CodeIgniter\CodeIgniter->handleRequest(NULL, Object(Config\Cache), false)
#3 C:\xampp\htdocs\playground-pg\public\index.php(37): CodeIgniter\CodeIgniter->run()
#4 C:\xampp\htdocs\playground-pg\system\Commands\Server\rewrite.php(43): require_once('C:\\xampp\\htdocs...')
#5 {main}
CRITICAL - 2024-02-19 19:55:14 --> Too few arguments to function App\Controllers\Detail_penjualan::index(), 0 passed in C:\xampp\htdocs\playground-pg\system\CodeIgniter.php on line 832 and exactly 1 expected
#0 C:\xampp\htdocs\playground-pg\system\CodeIgniter.php(832): App\Controllers\Detail_penjualan->index()
#1 C:\xampp\htdocs\playground-pg\system\CodeIgniter.php(419): CodeIgniter\CodeIgniter->runController(Object(App\Controllers\Detail_penjualan))
#2 C:\xampp\htdocs\playground-pg\system\CodeIgniter.php(326): CodeIgniter\CodeIgniter->handleRequest(NULL, Object(Config\Cache), false)
#3 C:\xampp\htdocs\playground-pg\public\index.php(37): CodeIgniter\CodeIgniter->run()
#4 C:\xampp\htdocs\playground-pg\system\Commands\Server\rewrite.php(43): require_once('C:\\xampp\\htdocs...')
#5 {main}
CRITICAL - 2024-02-19 19:57:21 --> syntax error, unexpected end of file
#0 C:\xampp\htdocs\playground-pg\system\View\View.php(213): CodeIgniter\View\View->CodeIgniter\View\{closure}()
#1 C:\xampp\htdocs\playground-pg\system\Common.php(1089): CodeIgniter\View\View->render('hopeui/transaks...', Array, true)
#2 C:\xampp\htdocs\playground-pg\app\Controllers\Transaksi.php(27): view('hopeui/transaks...', Array)
#3 C:\xampp\htdocs\playground-pg\system\CodeIgniter.php(832): App\Controllers\Transaksi->index()
#4 C:\xampp\htdocs\playground-pg\system\CodeIgniter.php(419): CodeIgniter\CodeIgniter->runController(Object(App\Controllers\Transaksi))
#5 C:\xampp\htdocs\playground-pg\system\CodeIgniter.php(326): CodeIgniter\CodeIgniter->handleRequest(NULL, Object(Config\Cache), false)
#6 C:\xampp\htdocs\playground-pg\public\index.php(37): CodeIgniter\CodeIgniter->run()
#7 C:\xampp\htdocs\playground-pg\system\Commands\Server\rewrite.php(43): require_once('C:\\xampp\\htdocs...')
#8 {main}
CRITICAL - 2024-02-19 20:08:44 --> Invalid file: hopeui/peminjaman/create.php
#0 C:\xampp\htdocs\playground-pg\system\View\View.php(198): CodeIgniter\Exceptions\FrameworkException::forInvalidFile('hopeui/peminjam...')
#1 C:\xampp\htdocs\playground-pg\system\Common.php(1089): CodeIgniter\View\View->render('hopeui/peminjam...', Array, true)
#2 C:\xampp\htdocs\playground-pg\app\Controllers\Transaksi.php(48): view('hopeui/peminjam...', Array)
#3 C:\xampp\htdocs\playground-pg\system\CodeIgniter.php(832): App\Controllers\Transaksi->create()
#4 C:\xampp\htdocs\playground-pg\system\CodeIgniter.php(419): CodeIgniter\CodeIgniter->runController(Object(App\Controllers\Transaksi))
#5 C:\xampp\htdocs\playground-pg\system\CodeIgniter.php(326): CodeIgniter\CodeIgniter->handleRequest(NULL, Object(Config\Cache), false)
#6 C:\xampp\htdocs\playground-pg\public\index.php(37): CodeIgniter\CodeIgniter->run()
#7 C:\xampp\htdocs\playground-pg\system\Commands\Server\rewrite.php(43): require_once('C:\\xampp\\htdocs...')
#8 {main}
CRITICAL - 2024-02-19 20:08:55 --> Invalid argument supplied for foreach()
#0 C:\xampp\htdocs\playground-pg\app\Views\hopeui\transaksi\create.php(27): CodeIgniter\Debug\Exceptions->errorHandler(2, 'Invalid argumen...', 'C:\\xampp\\htdocs...', 27, Array)
#1 C:\xampp\htdocs\playground-pg\system\View\View.php(210): include('C:\\xampp\\htdocs...')
#2 C:\xampp\htdocs\playground-pg\system\View\View.php(213): CodeIgniter\View\View->CodeIgniter\View\{closure}()
#3 C:\xampp\htdocs\playground-pg\system\Common.php(1089): CodeIgniter\View\View->render('hopeui/transaks...', Array, true)
#4 C:\xampp\htdocs\playground-pg\app\Controllers\Transaksi.php(48): view('hopeui/transaks...', Array)
#5 C:\xampp\htdocs\playground-pg\system\CodeIgniter.php(832): App\Controllers\Transaksi->create()
#6 C:\xampp\htdocs\playground-pg\system\CodeIgniter.php(419): CodeIgniter\CodeIgniter->runController(Object(App\Controllers\Transaksi))
#7 C:\xampp\htdocs\playground-pg\system\CodeIgniter.php(326): CodeIgniter\CodeIgniter->handleRequest(NULL, Object(Config\Cache), false)
#8 C:\xampp\htdocs\playground-pg\public\index.php(37): CodeIgniter\CodeIgniter->run()
#9 C:\xampp\htdocs\playground-pg\system\Commands\Server\rewrite.php(43): require_once('C:\\xampp\\htdocs...')
#10 {main}
CRITICAL - 2024-02-19 20:19:06 --> time() expects exactly 0 parameters, 1 given
#0 [internal function]: CodeIgniter\Debug\Exceptions->errorHandler(2, 'time() expects ...', 'C:\\xampp\\htdocs...', 31, Array)
#1 C:\xampp\htdocs\playground-pg\app\Views\hopeui\transaksi\create.php(31): time('H:i')
#2 C:\xampp\htdocs\playground-pg\system\View\View.php(210): include('C:\\xampp\\htdocs...')
#3 C:\xampp\htdocs\playground-pg\system\View\View.php(213): CodeIgniter\View\View->CodeIgniter\View\{closure}()
#4 C:\xampp\htdocs\playground-pg\system\Common.php(1089): CodeIgniter\View\View->render('hopeui/transaks...', Array, true)
#5 C:\xampp\htdocs\playground-pg\app\Controllers\Transaksi.php(48): view('hopeui/transaks...', Array)
#6 C:\xampp\htdocs\playground-pg\system\CodeIgniter.php(832): App\Controllers\Transaksi->create()
#7 C:\xampp\htdocs\playground-pg\system\CodeIgniter.php(419): CodeIgniter\CodeIgniter->runController(Object(App\Controllers\Transaksi))
#8 C:\xampp\htdocs\playground-pg\system\CodeIgniter.php(326): CodeIgniter\CodeIgniter->handleRequest(NULL, Object(Config\Cache), false)
#9 C:\xampp\htdocs\playground-pg\public\index.php(37): CodeIgniter\CodeIgniter->run()
#10 C:\xampp\htdocs\playground-pg\system\Commands\Server\rewrite.php(43): require_once('C:\\xampp\\htdocs...')
#11 {main}
CRITICAL - 2024-02-19 20:30:59 --> syntax error, unexpected 'badge' (T_STRING), expecting ';' or ','
#0 C:\xampp\htdocs\playground-pg\system\View\View.php(213): CodeIgniter\View\View->CodeIgniter\View\{closure}()
#1 C:\xampp\htdocs\playground-pg\system\Common.php(1089): CodeIgniter\View\View->render('hopeui/transaks...', Array, true)
#2 C:\xampp\htdocs\playground-pg\app\Controllers\Transaksi.php(27): view('hopeui/transaks...', Array)
#3 C:\xampp\htdocs\playground-pg\system\CodeIgniter.php(832): App\Controllers\Transaksi->index()
#4 C:\xampp\htdocs\playground-pg\system\CodeIgniter.php(419): CodeIgniter\CodeIgniter->runController(Object(App\Controllers\Transaksi))
#5 C:\xampp\htdocs\playground-pg\system\CodeIgniter.php(326): CodeIgniter\CodeIgniter->handleRequest(NULL, Object(Config\Cache), false)
#6 C:\xampp\htdocs\playground-pg\public\index.php(37): CodeIgniter\CodeIgniter->run()
#7 C:\xampp\htdocs\playground-pg\system\Commands\Server\rewrite.php(43): require_once('C:\\xampp\\htdocs...')
#8 {main}
CRITICAL - 2024-02-19 22:50:27 --> Invalid argument supplied for foreach()
#0 C:\xampp\htdocs\playground-pg\app\Views\hopeui\aktivitas\view.php(78): CodeIgniter\Debug\Exceptions->errorHandler(2, 'Invalid argumen...', 'C:\\xampp\\htdocs...', 78, Array)
#1 C:\xampp\htdocs\playground-pg\system\View\View.php(210): include('C:\\xampp\\htdocs...')
#2 C:\xampp\htdocs\playground-pg\system\View\View.php(213): CodeIgniter\View\View->CodeIgniter\View\{closure}()
#3 C:\xampp\htdocs\playground-pg\system\Common.php(1089): CodeIgniter\View\View->render('hopeui/aktivita...', Array, true)
#4 C:\xampp\htdocs\playground-pg\app\Controllers\Aktivitas_playground.php(25): view('hopeui/aktivita...', Array)
#5 C:\xampp\htdocs\playground-pg\system\CodeIgniter.php(832): App\Controllers\Aktivitas_playground->index()
#6 C:\xampp\htdocs\playground-pg\system\CodeIgniter.php(419): CodeIgniter\CodeIgniter->runController(Object(App\Controllers\Aktivitas_playground))
#7 C:\xampp\htdocs\playground-pg\system\CodeIgniter.php(326): CodeIgniter\CodeIgniter->handleRequest(NULL, Object(Config\Cache), false)
#8 C:\xampp\htdocs\playground-pg\public\index.php(37): CodeIgniter\CodeIgniter->run()
#9 C:\xampp\htdocs\playground-pg\system\Commands\Server\rewrite.php(43): require_once('C:\\xampp\\htdocs...')
#10 {main}
