CRITICAL - 2024-02-24 00:14:33 --> Call to a member function table() on null
#0 C:\xampp\htdocs\playground-pg\system\View\View.php(210): include()
#1 C:\xampp\htdocs\playground-pg\system\View\View.php(213): CodeIgniter\View\View->CodeIgniter\View\{closure}()
#2 C:\xampp\htdocs\playground-pg\system\Common.php(1089): CodeIgniter\View\View->render('hopeui/partial/...', Array, true)
#3 C:\xampp\htdocs\playground-pg\app\Controllers\Transaksi.php(142): view('hopeui/partial/...', Array)
#4 C:\xampp\htdocs\playground-pg\system\CodeIgniter.php(832): App\Controllers\Transaksi->menu_laporan()
#5 C:\xampp\htdocs\playground-pg\system\CodeIgniter.php(419): CodeIgniter\CodeIgniter->runController(Object(App\Controllers\Transaksi))
#6 C:\xampp\htdocs\playground-pg\system\CodeIgniter.php(326): CodeIgniter\CodeIgniter->handleRequest(NULL, Object(Config\Cache), false)
#7 C:\xampp\htdocs\playground-pg\public\index.php(37): CodeIgniter\CodeIgniter->run()
#8 C:\xampp\htdocs\playground-pg\system\Commands\Server\rewrite.php(43): require_once('C:\\xampp\\htdocs...')
#9 {main}
CRITICAL - 2024-02-24 00:24:58 --> Invalid argument supplied for foreach()
#0 C:\xampp\htdocs\playground-pg\app\Views\hopeui\laporan_transaksi\print_windows_view.php(108): CodeIgniter\Debug\Exceptions->errorHandler(2, 'Invalid argumen...', 'C:\\xampp\\htdocs...', 108, Array)
#1 C:\xampp\htdocs\playground-pg\system\View\View.php(210): include('C:\\xampp\\htdocs...')
#2 C:\xampp\htdocs\playground-pg\system\View\View.php(213): CodeIgniter\View\View->CodeIgniter\View\{closure}()
#3 C:\xampp\htdocs\playground-pg\system\Common.php(1089): CodeIgniter\View\View->render('hopeui/laporan_...', Array, true)
#4 C:\xampp\htdocs\playground-pg\app\Controllers\Transaksi.php(339): view('hopeui/laporan_...', Array)
#5 C:\xampp\htdocs\playground-pg\system\CodeIgniter.php(832): App\Controllers\Transaksi->export_windows_per_hari()
#6 C:\xampp\htdocs\playground-pg\system\CodeIgniter.php(419): CodeIgniter\CodeIgniter->runController(Object(App\Controllers\Transaksi))
#7 C:\xampp\htdocs\playground-pg\system\CodeIgniter.php(326): CodeIgniter\CodeIgniter->handleRequest(NULL, Object(Config\Cache), false)
#8 C:\xampp\htdocs\playground-pg\public\index.php(37): CodeIgniter\CodeIgniter->run()
#9 C:\xampp\htdocs\playground-pg\system\Commands\Server\rewrite.php(43): require_once('C:\\xampp\\htdocs...')
#10 {main}
CRITICAL - 2024-02-24 00:31:13 --> Invalid argument supplied for foreach()
#0 C:\xampp\htdocs\playground-pg\app\Controllers\Transaksi.php(243): CodeIgniter\Debug\Exceptions->errorHandler(2, 'Invalid argumen...', 'C:\\xampp\\htdocs...', 243, Array)
#1 C:\xampp\htdocs\playground-pg\system\CodeIgniter.php(832): App\Controllers\Transaksi->export_excel()
#2 C:\xampp\htdocs\playground-pg\system\CodeIgniter.php(419): CodeIgniter\CodeIgniter->runController(Object(App\Controllers\Transaksi))
#3 C:\xampp\htdocs\playground-pg\system\CodeIgniter.php(326): CodeIgniter\CodeIgniter->handleRequest(NULL, Object(Config\Cache), false)
#4 C:\xampp\htdocs\playground-pg\public\index.php(37): CodeIgniter\CodeIgniter->run()
#5 C:\xampp\htdocs\playground-pg\system\Commands\Server\rewrite.php(43): require_once('C:\\xampp\\htdocs...')
#6 {main}
CRITICAL - 2024-02-24 00:33:37 --> Invalid argument supplied for foreach()
#0 C:\xampp\htdocs\playground-pg\app\Controllers\Transaksi.php(411): CodeIgniter\Debug\Exceptions->errorHandler(2, 'Invalid argumen...', 'C:\\xampp\\htdocs...', 411, Array)
#1 C:\xampp\htdocs\playground-pg\system\CodeIgniter.php(832): App\Controllers\Transaksi->export_excel_per_hari()
#2 C:\xampp\htdocs\playground-pg\system\CodeIgniter.php(419): CodeIgniter\CodeIgniter->runController(Object(App\Controllers\Transaksi))
#3 C:\xampp\htdocs\playground-pg\system\CodeIgniter.php(326): CodeIgniter\CodeIgniter->handleRequest(NULL, Object(Config\Cache), false)
#4 C:\xampp\htdocs\playground-pg\public\index.php(37): CodeIgniter\CodeIgniter->run()
#5 C:\xampp\htdocs\playground-pg\system\Commands\Server\rewrite.php(43): require_once('C:\\xampp\\htdocs...')
#6 {main}
CRITICAL - 2024-02-24 23:15:19 --> Call to a member function getName() on null
#0 C:\xampp\htdocs\playground-pg\system\CodeIgniter.php(832): App\Controllers\Data_website->aksi_edit()
#1 C:\xampp\htdocs\playground-pg\system\CodeIgniter.php(419): CodeIgniter\CodeIgniter->runController(Object(App\Controllers\Data_website))
#2 C:\xampp\htdocs\playground-pg\system\CodeIgniter.php(326): CodeIgniter\CodeIgniter->handleRequest(NULL, Object(Config\Cache), false)
#3 C:\xampp\htdocs\playground-pg\public\index.php(37): CodeIgniter\CodeIgniter->run()
#4 C:\xampp\htdocs\playground-pg\system\Commands\Server\rewrite.php(43): require_once('C:\\xampp\\htdocs...')
#5 {main}
CRITICAL - 2024-02-24 23:21:15 --> unlink(logo/logo_website/): Is a directory
#0 [internal function]: CodeIgniter\Debug\Exceptions->errorHandler(2, 'unlink(logo/log...', 'C:\\xampp\\htdocs...', 136, Array)
#1 C:\xampp\htdocs\playground-pg\app\Controllers\Data_website.php(136): unlink('logo/logo_websi...')
#2 C:\xampp\htdocs\playground-pg\system\CodeIgniter.php(832): App\Controllers\Data_website->aksi_edit()
#3 C:\xampp\htdocs\playground-pg\system\CodeIgniter.php(419): CodeIgniter\CodeIgniter->runController(Object(App\Controllers\Data_website))
#4 C:\xampp\htdocs\playground-pg\system\CodeIgniter.php(326): CodeIgniter\CodeIgniter->handleRequest(NULL, Object(Config\Cache), false)
#5 C:\xampp\htdocs\playground-pg\public\index.php(37): CodeIgniter\CodeIgniter->run()
#6 C:\xampp\htdocs\playground-pg\system\Commands\Server\rewrite.php(43): require_once('C:\\xampp\\htdocs...')
#7 {main}
