ERROR - 2024-02-26 19:21:46 --> Column 'nama_level' cannot be null
ERROR - 2024-02-26 19:22:11 --> Unknown column 'id_paket' in 'where clause'
CRITICAL - 2024-02-26 19:28:00 --> Call to a member function tampil() on null
#0 C:\xampp\htdocs\playground-pg\system\CodeIgniter.php(832): App\Controllers\Kasir->index()
#1 C:\xampp\htdocs\playground-pg\system\CodeIgniter.php(419): CodeIgniter\CodeIgniter->runController(Object(App\Controllers\Kasir))
#2 C:\xampp\htdocs\playground-pg\system\CodeIgniter.php(326): CodeIgniter\CodeIgniter->handleRequest(NULL, Object(Config\Cache), false)
#3 C:\xampp\htdocs\playground-pg\public\index.php(37): CodeIgniter\CodeIgniter->run()
#4 C:\xampp\htdocs\playground-pg\system\Commands\Server\rewrite.php(43): require_once('C:\\xampp\\htdocs...')
#5 {main}
ERROR - 2024-02-26 21:51:17 --> Column 'pelanggan_id' cannot be null
CRITICAL - 2024-02-26 21:51:17 --> Invalid argument supplied for foreach()
#0 C:\xampp\htdocs\playground-pg\app\Controllers\Kasir.php(97): CodeIgniter\Debug\Exceptions->errorHandler(2, 'Invalid argumen...', 'C:\\xampp\\htdocs...', 97, Array)
#1 C:\xampp\htdocs\playground-pg\system\CodeIgniter.php(832): App\Controllers\Kasir->aksi_create()
#2 C:\xampp\htdocs\playground-pg\system\CodeIgniter.php(419): CodeIgniter\CodeIgniter->runController(Object(App\Controllers\Kasir))
#3 C:\xampp\htdocs\playground-pg\system\CodeIgniter.php(326): CodeIgniter\CodeIgniter->handleRequest(NULL, Object(Config\Cache), false)
#4 C:\xampp\htdocs\playground-pg\public\index.php(37): CodeIgniter\CodeIgniter->run()
#5 C:\xampp\htdocs\playground-pg\system\Commands\Server\rewrite.php(43): require_once('C:\\xampp\\htdocs...')
#6 {main}
ERROR - 2024-02-26 22:13:05 --> Column 'permainan_id' cannot be null
CRITICAL - 2024-02-26 23:18:02 --> Class 'App\Models\M_pajak' not found
#0 C:\xampp\htdocs\playground-pg\system\CodeIgniter.php(832): App\Controllers\Pajak->index()
#1 C:\xampp\htdocs\playground-pg\system\CodeIgniter.php(419): CodeIgniter\CodeIgniter->runController(Object(App\Controllers\Pajak))
#2 C:\xampp\htdocs\playground-pg\system\CodeIgniter.php(326): CodeIgniter\CodeIgniter->handleRequest(NULL, Object(Config\Cache), false)
#3 C:\xampp\htdocs\playground-pg\public\index.php(37): CodeIgniter\CodeIgniter->run()
#4 C:\xampp\htdocs\playground-pg\system\Commands\Server\rewrite.php(43): require_once('C:\\xampp\\htdocs...')
#5 {main}
CRITICAL - 2024-02-26 23:18:10 --> Invalid file: hopeui/pajak/view.php
#0 C:\xampp\htdocs\playground-pg\system\View\View.php(198): CodeIgniter\Exceptions\FrameworkException::forInvalidFile('hopeui/pajak/vi...')
#1 C:\xampp\htdocs\playground-pg\system\Common.php(1089): CodeIgniter\View\View->render('hopeui/pajak/vi...', Array, true)
#2 C:\xampp\htdocs\playground-pg\app\Controllers\Pajak.php(20): view('hopeui/pajak/vi...', Array)
#3 C:\xampp\htdocs\playground-pg\system\CodeIgniter.php(832): App\Controllers\Pajak->index()
#4 C:\xampp\htdocs\playground-pg\system\CodeIgniter.php(419): CodeIgniter\CodeIgniter->runController(Object(App\Controllers\Pajak))
#5 C:\xampp\htdocs\playground-pg\system\CodeIgniter.php(326): CodeIgniter\CodeIgniter->handleRequest(NULL, Object(Config\Cache), false)
#6 C:\xampp\htdocs\playground-pg\public\index.php(37): CodeIgniter\CodeIgniter->run()
#7 C:\xampp\htdocs\playground-pg\system\Commands\Server\rewrite.php(43): require_once('C:\\xampp\\htdocs...')
#8 {main}
CRITICAL - 2024-02-26 23:52:54 --> Call to a member function tampil() on null
#0 C:\xampp\htdocs\playground-pg\app\Controllers\Kasir.php(28): App\Controllers\Kasir->getPajakPPN()
#1 C:\xampp\htdocs\playground-pg\system\CodeIgniter.php(832): App\Controllers\Kasir->index()
#2 C:\xampp\htdocs\playground-pg\system\CodeIgniter.php(419): CodeIgniter\CodeIgniter->runController(Object(App\Controllers\Kasir))
#3 C:\xampp\htdocs\playground-pg\system\CodeIgniter.php(326): CodeIgniter\CodeIgniter->handleRequest(NULL, Object(Config\Cache), false)
#4 C:\xampp\htdocs\playground-pg\public\index.php(37): CodeIgniter\CodeIgniter->run()
#5 C:\xampp\htdocs\playground-pg\system\Commands\Server\rewrite.php(43): require_once('C:\\xampp\\htdocs...')
#6 {main}
